F:\Tutorials\TypeScript\TypeScript Example\TypeScript Example\TypeScriptFile.js
F:\Tutorials\TypeScript\TypeScript Example\TypeScript Example\TypeScriptFile.js.map
F:\Tutorials\TypeScript\TypeScript Example\TypeScript Example\TypeScriptFile.js
F:\Tutorials\TypeScript\TypeScript Example\TypeScript Example\TypeScriptFile.js.map
F:\Tutorials\TypeScript\TypeScript Example\TypeScript Example\TypeScriptFile.js
F:\Tutorials\TypeScript\TypeScript Example\TypeScript Example\TypeScriptFile.js.map
F:\Tutorials\TypeScript\TypeScript Example\TypeScript Example\TypeScriptFile.js
F:\Tutorials\TypeScript\TypeScript Example\TypeScript Example\TypeScriptFile.js.map
F:\Tutorials\TypeScript\TypeScript Example\TypeScript Example\TypeScriptFile.js
F:\Tutorials\TypeScript\TypeScript Example\TypeScript Example\TypeScriptFile.js.map
F:\Tutorials\TypeScript\TypeScript Example\TypeScript Example\2.js
F:\Tutorials\TypeScript\TypeScript Example\TypeScript Example\2.js.map
F:\Tutorials\TypeScript\TypeScript Example\TypeScript Example\1.ClassTypeScriptFile.js
F:\Tutorials\TypeScript\TypeScript Example\TypeScript Example\1.ClassTypeScriptFile.js.map
F:\Tutorials\TypeScript\TypeScript Example\TypeScript Example\2.js
F:\Tutorials\TypeScript\TypeScript Example\TypeScript Example\2.js.map
F:\Tutorials\TypeScript\TypeScript Example\TypeScript Example\1.ClassTypeScriptFile.js
F:\Tutorials\TypeScript\TypeScript Example\TypeScript Example\1.ClassTypeScriptFile.js.map
F:\Tutorials\TypeScript\TypeScript Example\TypeScript Example\2.js
F:\Tutorials\TypeScript\TypeScript Example\TypeScript Example\2.js.map
F:\Tutorials\TypeScript\TypeScript Example\TypeScript Example\1.ClassTypeScriptFile.js
F:\Tutorials\TypeScript\TypeScript Example\TypeScript Example\1.ClassTypeScriptFile.js.map
F:\Tutorials\TypeScript\TypeScript Example\TypeScript Example\2.MethodTypeScriptFile.js
F:\Tutorials\TypeScript\TypeScript Example\TypeScript Example\2.MethodTypeScriptFile.js.map
F:\Tutorials\TypeScript\TypeScript Example\TypeScript Example\3GeterSeterTypeScriptFile.js
F:\Tutorials\TypeScript\TypeScript Example\TypeScript Example\3GeterSeterTypeScriptFile.js.map
F:\Tutorials\TypeScript\TypeScript Example\TypeScript Example\1.ClassAndDataTypeScriptFile.js
F:\Tutorials\TypeScript\TypeScript Example\TypeScript Example\1.ClassAndDataTypeScriptFile.js.map
F:\Tutorials\TypeScript\TypeScript Example\TypeScript Example\2.MethodTypeScriptFile.js
F:\Tutorials\TypeScript\TypeScript Example\TypeScript Example\2.MethodTypeScriptFile.js.map
F:\Tutorials\TypeScript\TypeScript Example\TypeScript Example\3GeterSeterTypeScriptFile.js
F:\Tutorials\TypeScript\TypeScript Example\TypeScript Example\3GeterSeterTypeScriptFile.js.map
F:\Tutorials\TypeScript\TypeScript Example\TypeScript Example\1.ClassAndDataTypeScriptFile.js
F:\Tutorials\TypeScript\TypeScript Example\TypeScript Example\1.ClassAndDataTypeScriptFile.js.map
F:\Tutorials\TypeScript\TypeScript Example\TypeScript Example\2.MethodTypeScriptFile.js
F:\Tutorials\TypeScript\TypeScript Example\TypeScript Example\2.MethodTypeScriptFile.js.map
F:\Tutorials\TypeScript\TypeScript Example\TypeScript Example\3GeterSeterTypeScriptFile.js
F:\Tutorials\TypeScript\TypeScript Example\TypeScript Example\3GeterSeterTypeScriptFile.js.map
F:\Tutorials\TypeScript\TypeScript Example\TypeScript Example\4.ModuleLoaderSystemJS\Studentactvity.js
F:\Tutorials\TypeScript\TypeScript Example\TypeScript Example\4.ModuleLoaderSystemJS\Studentactvity.js.map
F:\Tutorials\TypeScript\TypeScript Example\TypeScript Example\4.ModuleLoaderSystemJS\StudentMarks.js
F:\Tutorials\TypeScript\TypeScript Example\TypeScript Example\4.ModuleLoaderSystemJS\StudentMarks.js.map
F:\Tutorials\TypeScript\TypeScript Example\TypeScript Example\1.ClassAndDataTypeScriptFile.js
F:\Tutorials\TypeScript\TypeScript Example\TypeScript Example\1.ClassAndDataTypeScriptFile.js.map
F:\Tutorials\TypeScript\TypeScript Example\TypeScript Example\2.MethodTypeScriptFile.js
F:\Tutorials\TypeScript\TypeScript Example\TypeScript Example\2.MethodTypeScriptFile.js.map
F:\Tutorials\TypeScript\TypeScript Example\TypeScript Example\3GeterSeterTypeScriptFile.js
F:\Tutorials\TypeScript\TypeScript Example\TypeScript Example\3GeterSeterTypeScriptFile.js.map
F:\Tutorials\TypeScript\TypeScript Example\TypeScript Example\4.ModuleLoaderSystemJS\Studentactvity.js
F:\Tutorials\TypeScript\TypeScript Example\TypeScript Example\4.ModuleLoaderSystemJS\Studentactvity.js.map
F:\Tutorials\TypeScript\TypeScript Example\TypeScript Example\4.ModuleLoaderSystemJS\StudentMarks.js
F:\Tutorials\TypeScript\TypeScript Example\TypeScript Example\4.ModuleLoaderSystemJS\StudentMarks.js.map
F:\Tutorials\TypeScript\TypeScript Example\TypeScript Example\1.ClassAndDataTypeScriptFile.js
F:\Tutorials\TypeScript\TypeScript Example\TypeScript Example\1.ClassAndDataTypeScriptFile.js.map
F:\Tutorials\TypeScript\TypeScript Example\TypeScript Example\2.MethodTypeScriptFile.js
F:\Tutorials\TypeScript\TypeScript Example\TypeScript Example\2.MethodTypeScriptFile.js.map
F:\Tutorials\TypeScript\TypeScript Example\TypeScript Example\3GeterSeterTypeScriptFile.js
F:\Tutorials\TypeScript\TypeScript Example\TypeScript Example\3GeterSeterTypeScriptFile.js.map
F:\Tutorials\TypeScript\TypeScript Example\TypeScript Example\4.ModuleLoaderSystemJS\Studentactvity.js
F:\Tutorials\TypeScript\TypeScript Example\TypeScript Example\4.ModuleLoaderSystemJS\Studentactvity.js.map
F:\Tutorials\TypeScript\TypeScript Example\TypeScript Example\4.ModuleLoaderSystemJS\StudentMarks.js
F:\Tutorials\TypeScript\TypeScript Example\TypeScript Example\4.ModuleLoaderSystemJS\StudentMarks.js.map
F:\Tutorials\TypeScript\TypeScript Example\TypeScript Example\1.ClassAndDataTypeScriptFile.js
F:\Tutorials\TypeScript\TypeScript Example\TypeScript Example\1.ClassAndDataTypeScriptFile.js.map
F:\Tutorials\TypeScript\TypeScript Example\TypeScript Example\2.MethodTypeScriptFile.js
F:\Tutorials\TypeScript\TypeScript Example\TypeScript Example\2.MethodTypeScriptFile.js.map
F:\Tutorials\TypeScript\TypeScript Example\TypeScript Example\3GeterSeterTypeScriptFile.js
F:\Tutorials\TypeScript\TypeScript Example\TypeScript Example\3GeterSeterTypeScriptFile.js.map
F:\Tutorials\TypeScript\TypeScript Example\TypeScript Example\4.ModuleLoaderSystemJS\Studentactvity.js
F:\Tutorials\TypeScript\TypeScript Example\TypeScript Example\4.ModuleLoaderSystemJS\Studentactvity.js.map
F:\Tutorials\TypeScript\TypeScript Example\TypeScript Example\4.ModuleLoaderSystemJS\StudentMarks.js
F:\Tutorials\TypeScript\TypeScript Example\TypeScript Example\4.ModuleLoaderSystemJS\StudentMarks.js.map
F:\Tutorials\TypeScript\TypeScript Example\TypeScript Example\1.ClassAndDataTypeScriptFile.js
F:\Tutorials\TypeScript\TypeScript Example\TypeScript Example\1.ClassAndDataTypeScriptFile.js.map
F:\Tutorials\TypeScript\TypeScript Example\TypeScript Example\2.MethodTypeScriptFile.js
F:\Tutorials\TypeScript\TypeScript Example\TypeScript Example\2.MethodTypeScriptFile.js.map
F:\Tutorials\TypeScript\TypeScript Example\TypeScript Example\3GeterSeterTypeScriptFile.js
F:\Tutorials\TypeScript\TypeScript Example\TypeScript Example\3GeterSeterTypeScriptFile.js.map
F:\Tutorials\TypeScript\TypeScript Example\TypeScript Example\4.ModuleLoaderSystemJS\Studentactvity.js
F:\Tutorials\TypeScript\TypeScript Example\TypeScript Example\4.ModuleLoaderSystemJS\Studentactvity.js.map
F:\Tutorials\TypeScript\TypeScript Example\TypeScript Example\4.ModuleLoaderSystemJS\StudentMarks.js
F:\Tutorials\TypeScript\TypeScript Example\TypeScript Example\4.ModuleLoaderSystemJS\StudentMarks.js.map
F:\Tutorials\TypeScript\TypeScript Example\TypeScript Example\1.ClassAndDataTypeScriptFile.js
F:\Tutorials\TypeScript\TypeScript Example\TypeScript Example\1.ClassAndDataTypeScriptFile.js.map
F:\Tutorials\TypeScript\TypeScript Example\TypeScript Example\2.MethodTypeScriptFile.js
F:\Tutorials\TypeScript\TypeScript Example\TypeScript Example\2.MethodTypeScriptFile.js.map
F:\Tutorials\TypeScript\TypeScript Example\TypeScript Example\3GeterSeterTypeScriptFile.js
F:\Tutorials\TypeScript\TypeScript Example\TypeScript Example\3GeterSeterTypeScriptFile.js.map
F:\Tutorials\TypeScript\TypeScript Example\TypeScript Example\4.ModuleLoaderSystemJS\Studentactvity.js
F:\Tutorials\TypeScript\TypeScript Example\TypeScript Example\4.ModuleLoaderSystemJS\Studentactvity.js.map
F:\Tutorials\TypeScript\TypeScript Example\TypeScript Example\4.ModuleLoaderSystemJS\StudentMarks.js
F:\Tutorials\TypeScript\TypeScript Example\TypeScript Example\4.ModuleLoaderSystemJS\StudentMarks.js.map
F:\Tutorials\TypeScript\TypeScript Example\TypeScript Example\1.ClassAndDataTypeScriptFile.js
F:\Tutorials\TypeScript\TypeScript Example\TypeScript Example\1.ClassAndDataTypeScriptFile.js.map
F:\Tutorials\TypeScript\TypeScript Example\TypeScript Example\2.MethodTypeScriptFile.js
F:\Tutorials\TypeScript\TypeScript Example\TypeScript Example\2.MethodTypeScriptFile.js.map
F:\Tutorials\TypeScript\TypeScript Example\TypeScript Example\3GeterSeterTypeScriptFile.js
F:\Tutorials\TypeScript\TypeScript Example\TypeScript Example\3GeterSeterTypeScriptFile.js.map
F:\Tutorials\TypeScript\TypeScript Example\TypeScript Example\4.ModuleLoaderSystemJS\Studentactvity.js
F:\Tutorials\TypeScript\TypeScript Example\TypeScript Example\4.ModuleLoaderSystemJS\Studentactvity.js.map
F:\Tutorials\TypeScript\TypeScript Example\TypeScript Example\4.ModuleLoaderSystemJS\StudentMarks.js
F:\Tutorials\TypeScript\TypeScript Example\TypeScript Example\4.ModuleLoaderSystemJS\StudentMarks.js.map
F:\Tutorials\TypeScript\TypeScript Example\TypeScript Example\1.ClassAndDataTypeScriptFile.js
F:\Tutorials\TypeScript\TypeScript Example\TypeScript Example\1.ClassAndDataTypeScriptFile.js.map
F:\Tutorials\TypeScript\TypeScript Example\TypeScript Example\2.MethodTypeScriptFile.js
F:\Tutorials\TypeScript\TypeScript Example\TypeScript Example\2.MethodTypeScriptFile.js.map
F:\Tutorials\TypeScript\TypeScript Example\TypeScript Example\3GeterSeterTypeScriptFile.js
F:\Tutorials\TypeScript\TypeScript Example\TypeScript Example\3GeterSeterTypeScriptFile.js.map
F:\Tutorials\TypeScript\TypeScript Example\TypeScript Example\4.ModuleLoaderSystemJS\Studentactvity.js
F:\Tutorials\TypeScript\TypeScript Example\TypeScript Example\4.ModuleLoaderSystemJS\Studentactvity.js.map
F:\Tutorials\TypeScript\TypeScript Example\TypeScript Example\4.ModuleLoaderSystemJS\StudentMarks.js
F:\Tutorials\TypeScript\TypeScript Example\TypeScript Example\4.ModuleLoaderSystemJS\StudentMarks.js.map
F:\Tutorials\TypeScript\TypeScript Example\TypeScript Example\1.ClassAndDataTypeScriptFile.js
F:\Tutorials\TypeScript\TypeScript Example\TypeScript Example\1.ClassAndDataTypeScriptFile.js.map
F:\Tutorials\TypeScript\TypeScript Example\TypeScript Example\2.MethodTypeScriptFile.js
F:\Tutorials\TypeScript\TypeScript Example\TypeScript Example\2.MethodTypeScriptFile.js.map
F:\Tutorials\TypeScript\TypeScript Example\TypeScript Example\3GeterSeterTypeScriptFile.js
F:\Tutorials\TypeScript\TypeScript Example\TypeScript Example\3GeterSeterTypeScriptFile.js.map
F:\Tutorials\TypeScript\TypeScript Example\TypeScript Example\4.ModuleLoaderSystemJS\Studentactvity.js
F:\Tutorials\TypeScript\TypeScript Example\TypeScript Example\4.ModuleLoaderSystemJS\Studentactvity.js.map
F:\Tutorials\TypeScript\TypeScript Example\TypeScript Example\4.ModuleLoaderSystemJS\StudentMarks.js
F:\Tutorials\TypeScript\TypeScript Example\TypeScript Example\4.ModuleLoaderSystemJS\StudentMarks.js.map
F:\Tutorials\TypeScript\TypeScript Example\TypeScript Example\1.ClassAndDataTypeScriptFile.js
F:\Tutorials\TypeScript\TypeScript Example\TypeScript Example\1.ClassAndDataTypeScriptFile.js.map
